{
  "0 debug pnpm:scope": {
    "selected": 1
  },
  "1 debug pnpm:package-manifest": {
    "initial": {
      "name": "manonicu",
      "version": "1.0.3",
      "keywords": [],
      "repository": {
        "type": "git",
        "url": "https://github.com/Manonicu/rollup-libray-template.git"
      },
      "scripts": {
        "start": "rollup -c -w",
        "build": "npm run prebuild && rollup -c",
        "dev": "concurrently \"npm:storybook\" \"npm:start\"",
        "prepublishOnly": "npm run build",
        "prebuild": "rm -rf dist",
        "lint": "lint-staged",
        "commit": "git add . && git-cz && git push",
        "prepare": "husky install",
        "storybook": "start-storybook -p 6006",
        "build-storybook": "build-storybook --output-dir out"
      },
      "main": "dist/index.js",
      "module": "dist/index.js",
      "types": "dist/index.d.ts",
      "files": [
        "dist",
        "package.json",
        "README.md"
      ],
      "dependencies": {
        "@react-spring/web": "^9.5.2",
        "@use-gesture/react": "^10.2.17",
        "better-scroll": "^2.4.2",
        "classnames": "^2.3.1",
        "clipboard": "^2.0.11",
        "dayjs": "^1.11.4",
        "framer-motion": "6.5.1",
        "palmpay-utils": "^1.1.10",
        "rc-field-form": "^1.27.1",
        "react": "^18.2.0",
        "react-dom": "^18.2.0",
        "react-icons": "^4.4.0",
        "react-spring": "^9.5.2",
        "styled-components": "^5.3.5"
      },
      "devDependencies": {
        "@babel/core": "^7.18.9",
        "@commitlint/cli": "^17.0.3",
        "@commitlint/config-conventional": "^17.0.3",
        "@commitlint/cz-commitlint": "^17.0.3",
        "@rollup/plugin-commonjs": "^22.0.1",
        "@rollup/plugin-image": "^2.1.1",
        "@rollup/plugin-node-resolve": "^13.3.0",
        "@rollup/plugin-typescript": "^8.3.3",
        "@rollup/plugin-url": "^7.0.0",
        "@sixian/css-url": "^1.0.3",
        "@storybook/addon-actions": "^6.5.9",
        "@storybook/addon-essentials": "^6.5.9",
        "@storybook/addon-interactions": "^6.5.9",
        "@storybook/addon-links": "^6.5.9",
        "@storybook/builder-webpack4": "^6.5.9",
        "@storybook/manager-webpack4": "^6.5.9",
        "@storybook/react": "^6.5.9",
        "@storybook/testing-library": "^0.0.13",
        "@svgr/rollup": "^6.3.1",
        "@testing-library/jest-dom": "^5.16.4",
        "@testing-library/react": "^13.3.0",
        "@types/jest": "^28.1.6",
        "@types/node": "^18.6.1",
        "@types/react": "^18.0.15",
        "@types/react-dom": "^18.0.6",
        "@types/styled-components": "^5.1.25",
        "@typescript-eslint/eslint-plugin": "^5.31.0",
        "@typescript-eslint/parser": "^5.31.0",
        "babel-loader": "^8.2.5",
        "commitizen": "^4.2.5",
        "concurrently": "^7.3.0",
        "eslint": "8.20.0",
        "eslint-config-next": "12.2.3",
        "eslint-config-prettier": "^8.5.0",
        "eslint-plugin-prettier": "^4.2.1",
        "eslint-plugin-typescript": "^0.14.0",
        "gh-pages": "^4.0.0",
        "husky": "8",
        "lint-staged": "^13.0.3",
        "postcss": "^8.4.14",
        "postcss-url": "^10.1.3",
        "prettier": "^2.7.1",
        "rollup": "^2.77.1",
        "rollup-plugin-dts": "^4.2.2",
        "rollup-plugin-peer-deps-external": "^2.2.4",
        "rollup-plugin-postcss": "^4.0.2",
        "rollup-plugin-terser": "^7.0.2",
        "rollup-plugin-typescript2": "^0.32.1",
        "sass": "^1.54.0",
        "sass-loader": "10.1.1",
        "tslib": "^2.4.0",
        "typescript": "4.7.4",
        "yorkie": "^2.0.0"
      },
      "config": {
        "commitizen": {
          "path": "@commitlint/cz-commitlint"
        }
      }
    },
    "prefix": "/Users/pfan/workspaces/github/rollup-libray-template"
  },
  "2 debug pnpm:context": {
    "currentLockfileExists": false,
    "storeDir": "/Users/pfan/Library/pnpm/store/v3",
    "virtualStoreDir": "/Users/pfan/workspaces/github/rollup-libray-template/node_modules/.pnpm"
  },
  "3 debug pnpm:stage": {
    "prefix": "/Users/pfan/workspaces/github/rollup-libray-template",
    "stage": "resolution_started"
  },
  "4 debug pnpm:_dependency_resolved": {
    "resolution": "mirrors.huaweicloud.com/@sixian/css-url/1.0.3",
    "wanted": {
      "dependentId": ".",
      "name": "@sixian/css-url",
      "rawSpec": "^1.0.3"
    }
  },
  "5 debug pnpm:progress": {
    "packageId": "mirrors.huaweicloud.com/@sixian/css-url/1.0.3",
    "requester": "/Users/pfan/workspaces/github/rollup-libray-template",
    "status": "resolved"
  },
  "6 debug pnpm:_dependency_resolved": {
    "resolution": "mirrors.huaweicloud.com/@rollup/plugin-image/2.1.1",
    "wanted": {
      "dependentId": ".",
      "name": "@rollup/plugin-image",
      "rawSpec": "^2.1.1"
    }
  },
  "7 debug pnpm:progress": {
    "packageId": "mirrors.huaweicloud.com/@rollup/plugin-image/2.1.1",
    "requester": "/Users/pfan/workspaces/github/rollup-libray-template",
    "status": "resolved"
  },
  "8 debug pnpm:progress": {
    "packageId": "mirrors.huaweicloud.com/@rollup/plugin-image/2.1.1",
    "requester": "/Users/pfan/workspaces/github/rollup-libray-template",
    "status": "found_in_store"
  },
  "9 debug pnpm:_dependency_resolved": {
    "resolution": "mirrors.huaweicloud.com/@rollup/plugin-typescript/8.3.4",
    "wanted": {
      "dependentId": ".",
      "name": "@rollup/plugin-typescript",
      "rawSpec": "^8.3.3"
    }
  },
  "10 debug pnpm:progress": {
    "packageId": "mirrors.huaweicloud.com/@rollup/plugin-typescript/8.3.4",
    "requester": "/Users/pfan/workspaces/github/rollup-libray-template",
    "status": "resolved"
  },
  "11 debug pnpm:_dependency_resolved": {
    "resolution": "mirrors.huaweicloud.com/@commitlint/cz-commitlint/17.0.3",
    "wanted": {
      "dependentId": ".",
      "name": "@commitlint/cz-commitlint",
      "rawSpec": "^17.0.3"
    }
  },
  "12 debug pnpm:progress": {
    "packageId": "mirrors.huaweicloud.com/@commitlint/cz-commitlint/17.0.3",
    "requester": "/Users/pfan/workspaces/github/rollup-libray-template",
    "status": "resolved"
  },
  "13 debug pnpm:_dependency_resolved": {
    "resolution": "mirrors.huaweicloud.com/@storybook/testing-library/0.0.13",
    "wanted": {
      "dependentId": ".",
      "name": "@storybook/testing-library",
      "rawSpec": "^0.0.13"
    }
  },
  "14 debug pnpm:progress": {
    "packageId": "mirrors.huaweicloud.com/@storybook/testing-library/0.0.13",
    "requester": "/Users/pfan/workspaces/github/rollup-libray-template",
    "status": "resolved"
  },
  "15 debug pnpm:_dependency_resolved": {
    "resolution": "mirrors.huaweicloud.com/@commitlint/config-conventional/17.0.3",
    "wanted": {
      "dependentId": ".",
      "name": "@commitlint/config-conventional",
      "rawSpec": "^17.0.3"
    }
  },
  "16 debug pnpm:progress": {
    "packageId": "mirrors.huaweicloud.com/@commitlint/config-conventional/17.0.3",
    "requester": "/Users/pfan/workspaces/github/rollup-libray-template",
    "status": "resolved"
  },
  "17 debug pnpm:fetching-progress": {
    "attempt": 1,
    "packageId": "mirrors.huaweicloud.com/@sixian/css-url/1.0.3",
    "size": 6378,
    "status": "started"
  },
  "18 debug pnpm:progress": {
    "packageId": "mirrors.huaweicloud.com/@commitlint/config-conventional/17.0.3",
    "requester": "/Users/pfan/workspaces/github/rollup-libray-template",
    "status": "found_in_store"
  },
  "19 debug pnpm:_dependency_resolved": {
    "resolution": "mirrors.huaweicloud.com/@rollup/plugin-node-resolve/13.3.0",
    "wanted": {
      "dependentId": ".",
      "name": "@rollup/plugin-node-resolve",
      "rawSpec": "^13.3.0"
    }
  },
  "20 debug pnpm:progress": {
    "packageId": "mirrors.huaweicloud.com/@rollup/plugin-node-resolve/13.3.0",
    "requester": "/Users/pfan/workspaces/github/rollup-libray-template",
    "status": "resolved"
  },
  "21 debug pnpm:progress": {
    "packageId": "mirrors.huaweicloud.com/@sixian/css-url/1.0.3",
    "requester": "/Users/pfan/workspaces/github/rollup-libray-template",
    "status": "fetched"
  },
  "22 debug pnpm:progress": {
    "packageId": "mirrors.huaweicloud.com/@rollup/plugin-node-resolve/13.3.0",
    "requester": "/Users/pfan/workspaces/github/rollup-libray-template",
    "status": "found_in_store"
  },
  "23 debug pnpm:fetching-progress": {
    "attempt": 1,
    "packageId": "mirrors.huaweicloud.com/@commitlint/cz-commitlint/17.0.3",
    "size": 19862,
    "status": "started"
  },
  "24 debug pnpm:fetching-progress": {
    "attempt": 1,
    "packageId": "mirrors.huaweicloud.com/@rollup/plugin-typescript/8.3.4",
    "size": 24061,
    "status": "started"
  },
  "25 debug pnpm:progress": {
    "packageId": "mirrors.huaweicloud.com/@commitlint/cz-commitlint/17.0.3",
    "requester": "/Users/pfan/workspaces/github/rollup-libray-template",
    "status": "fetched"
  },
  "26 debug pnpm:progress": {
    "packageId": "mirrors.huaweicloud.com/@rollup/plugin-typescript/8.3.4",
    "requester": "/Users/pfan/workspaces/github/rollup-libray-template",
    "status": "fetched"
  },
  "27 debug pnpm:_dependency_resolved": {
    "resolution": "mirrors.huaweicloud.com/@rollup/plugin-url/7.0.0",
    "wanted": {
      "dependentId": ".",
      "name": "@rollup/plugin-url",
      "rawSpec": "^7.0.0"
    }
  },
  "28 debug pnpm:progress": {
    "packageId": "mirrors.huaweicloud.com/@rollup/plugin-url/7.0.0",
    "requester": "/Users/pfan/workspaces/github/rollup-libray-template",
    "status": "resolved"
  },
  "29 debug pnpm:progress": {
    "packageId": "mirrors.huaweicloud.com/@rollup/plugin-url/7.0.0",
    "requester": "/Users/pfan/workspaces/github/rollup-libray-template",
    "status": "found_in_store"
  },
  "30 debug pnpm:fetching-progress": {
    "attempt": 1,
    "packageId": "mirrors.huaweicloud.com/@storybook/testing-library/0.0.13",
    "size": 5620,
    "status": "started"
  },
  "31 debug pnpm:progress": {
    "packageId": "mirrors.huaweicloud.com/@storybook/testing-library/0.0.13",
    "requester": "/Users/pfan/workspaces/github/rollup-libray-template",
    "status": "fetched"
  },
  "32 debug pnpm:_dependency_resolved": {
    "resolution": "mirrors.huaweicloud.com/@svgr/rollup/6.3.1",
    "wanted": {
      "dependentId": ".",
      "name": "@svgr/rollup",
      "rawSpec": "^6.3.1"
    }
  },
  "33 debug pnpm:progress": {
    "packageId": "mirrors.huaweicloud.com/@svgr/rollup/6.3.1",
    "requester": "/Users/pfan/workspaces/github/rollup-libray-template",
    "status": "resolved"
  },
  "34 debug pnpm:_dependency_resolved": {
    "resolution": "mirrors.huaweicloud.com/@testing-library/jest-dom/5.16.4",
    "wanted": {
      "dependentId": ".",
      "name": "@testing-library/jest-dom",
      "rawSpec": "^5.16.4"
    }
  },
  "35 debug pnpm:progress": {
    "packageId": "mirrors.huaweicloud.com/@testing-library/jest-dom/5.16.4",
    "requester": "/Users/pfan/workspaces/github/rollup-libray-template",
    "status": "resolved"
  },
  "36 debug pnpm:progress": {
    "packageId": "mirrors.huaweicloud.com/@testing-library/jest-dom/5.16.4",
    "requester": "/Users/pfan/workspaces/github/rollup-libray-template",
    "status": "found_in_store"
  },
  "37 debug pnpm:fetching-progress": {
    "attempt": 1,
    "packageId": "mirrors.huaweicloud.com/@svgr/rollup/6.3.1",
    "size": 5127,
    "status": "started"
  },
  "38 debug pnpm:progress": {
    "packageId": "mirrors.huaweicloud.com/@svgr/rollup/6.3.1",
    "requester": "/Users/pfan/workspaces/github/rollup-libray-template",
    "status": "fetched"
  },
  "39 debug pnpm:_dependency_resolved": {
    "resolution": "mirrors.huaweicloud.com/@babel/core/7.18.9",
    "wanted": {
      "dependentId": ".",
      "name": "@babel/core",
      "rawSpec": "^7.18.9"
    }
  },
  "40 debug pnpm:progress": {
    "packageId": "mirrors.huaweicloud.com/@babel/core/7.18.9",
    "requester": "/Users/pfan/workspaces/github/rollup-libray-template",
    "status": "resolved"
  },
  "41 debug pnpm:progress": {
    "packageId": "mirrors.huaweicloud.com/@babel/core/7.18.9",
    "requester": "/Users/pfan/workspaces/github/rollup-libray-template",
    "status": "found_in_store"
  },
  "42 debug pnpm:_dependency_resolved": {
    "resolution": "mirrors.huaweicloud.com/@rollup/plugin-commonjs/22.0.1",
    "wanted": {
      "dependentId": ".",
      "name": "@rollup/plugin-commonjs",
      "rawSpec": "^22.0.1"
    }
  },
  "43 debug pnpm:progress": {
    "packageId": "mirrors.huaweicloud.com/@rollup/plugin-commonjs/22.0.1",
    "requester": "/Users/pfan/workspaces/github/rollup-libray-template",
    "status": "resolved"
  },
  "44 debug pnpm:progress": {
    "packageId": "mirrors.huaweicloud.com/@rollup/plugin-commonjs/22.0.1",
    "requester": "/Users/pfan/workspaces/github/rollup-libray-template",
    "status": "found_in_store"
  },
  "45 debug pnpm:_dependency_resolved": {
    "resolution": "mirrors.huaweicloud.com/@storybook/builder-webpack4/6.5.9",
    "wanted": {
      "dependentId": ".",
      "name": "@storybook/builder-webpack4",
      "rawSpec": "^6.5.9"
    }
  },
  "46 debug pnpm:progress": {
    "packageId": "mirrors.huaweicloud.com/@storybook/builder-webpack4/6.5.9",
    "requester": "/Users/pfan/workspaces/github/rollup-libray-template",
    "status": "resolved"
  },
  "47 debug pnpm:progress": {
    "packageId": "mirrors.huaweicloud.com/@storybook/builder-webpack4/6.5.9",
    "requester": "/Users/pfan/workspaces/github/rollup-libray-template",
    "status": "found_in_store"
  },
  "48 debug pnpm:_dependency_resolved": {
    "resolution": "mirrors.huaweicloud.com/babel-loader/8.2.5",
    "wanted": {
      "dependentId": ".",
      "name": "babel-loader",
      "rawSpec": "^8.2.5"
    }
  },
  "49 debug pnpm:progress": {
    "packageId": "mirrors.huaweicloud.com/babel-loader/8.2.5",
    "requester": "/Users/pfan/workspaces/github/rollup-libray-template",
    "status": "resolved"
  },
  "50 debug pnpm:progress": {
    "packageId": "mirrors.huaweicloud.com/babel-loader/8.2.5",
    "requester": "/Users/pfan/workspaces/github/rollup-libray-template",
    "status": "found_in_store"
  },
  "51 debug pnpm:_dependency_resolved": {
    "resolution": "mirrors.huaweicloud.com/@storybook/addon-interactions/6.5.9",
    "wanted": {
      "dependentId": ".",
      "name": "@storybook/addon-interactions",
      "rawSpec": "^6.5.9"
    }
  },
  "52 debug pnpm:progress": {
    "packageId": "mirrors.huaweicloud.com/@storybook/addon-interactions/6.5.9",
    "requester": "/Users/pfan/workspaces/github/rollup-libray-template",
    "status": "resolved"
  },
  "53 debug pnpm:progress": {
    "packageId": "mirrors.huaweicloud.com/@storybook/addon-interactions/6.5.9",
    "requester": "/Users/pfan/workspaces/github/rollup-libray-template",
    "status": "found_in_store"
  },
  "54 debug pnpm:_dependency_resolved": {
    "resolution": "mirrors.huaweicloud.com/@testing-library/react/13.3.0",
    "wanted": {
      "dependentId": ".",
      "name": "@testing-library/react",
      "rawSpec": "^13.3.0"
    }
  },
  "55 debug pnpm:progress": {
    "packageId": "mirrors.huaweicloud.com/@testing-library/react/13.3.0",
    "requester": "/Users/pfan/workspaces/github/rollup-libray-template",
    "status": "resolved"
  },
  "56 debug pnpm:progress": {
    "packageId": "mirrors.huaweicloud.com/@testing-library/react/13.3.0",
    "requester": "/Users/pfan/workspaces/github/rollup-libray-template",
    "status": "found_in_store"
  },
  "57 debug pnpm:_dependency_resolved": {
    "resolution": "mirrors.huaweicloud.com/@types/styled-components/5.1.25",
    "wanted": {
      "dependentId": ".",
      "name": "@types/styled-components",
      "rawSpec": "^5.1.25"
    }
  },
  "58 debug pnpm:progress": {
    "packageId": "mirrors.huaweicloud.com/@types/styled-components/5.1.25",
    "requester": "/Users/pfan/workspaces/github/rollup-libray-template",
    "status": "resolved"
  },
  "59 debug pnpm:progress": {
    "packageId": "mirrors.huaweicloud.com/@types/styled-components/5.1.25",
    "requester": "/Users/pfan/workspaces/github/rollup-libray-template",
    "status": "found_in_store"
  },
  "60 debug pnpm:_dependency_resolved": {
    "resolution": "mirrors.huaweicloud.com/commitizen/4.2.5",
    "wanted": {
      "dependentId": ".",
      "name": "commitizen",
      "rawSpec": "^4.2.5"
    }
  },
  "61 debug pnpm:progress": {
    "packageId": "mirrors.huaweicloud.com/commitizen/4.2.5",
    "requester": "/Users/pfan/workspaces/github/rollup-libray-template",
    "status": "resolved"
  },
  "62 debug pnpm:progress": {
    "packageId": "mirrors.huaweicloud.com/commitizen/4.2.5",
    "requester": "/Users/pfan/workspaces/github/rollup-libray-template",
    "status": "found_in_store"
  },
  "63 debug pnpm:_dependency_resolved": {
    "resolution": "mirrors.huaweicloud.com/@types/jest/28.1.6",
    "wanted": {
      "dependentId": ".",
      "name": "@types/jest",
      "rawSpec": "^28.1.6"
    }
  },
  "64 debug pnpm:progress": {
    "packageId": "mirrors.huaweicloud.com/@types/jest/28.1.6",
    "requester": "/Users/pfan/workspaces/github/rollup-libray-template",
    "status": "resolved"
  },
  "65 debug pnpm:progress": {
    "packageId": "mirrors.huaweicloud.com/@types/jest/28.1.6",
    "requester": "/Users/pfan/workspaces/github/rollup-libray-template",
    "status": "found_in_store"
  },
  "66 debug pnpm:_dependency_resolved": {
    "resolution": "mirrors.huaweicloud.com/eslint-config-prettier/8.5.0",
    "wanted": {
      "dependentId": ".",
      "name": "eslint-config-prettier",
      "rawSpec": "^8.5.0"
    }
  },
  "67 debug pnpm:progress": {
    "packageId": "mirrors.huaweicloud.com/eslint-config-prettier/8.5.0",
    "requester": "/Users/pfan/workspaces/github/rollup-libray-template",
    "status": "resolved"
  },
  "68 debug pnpm:progress": {
    "packageId": "mirrors.huaweicloud.com/eslint-config-prettier/8.5.0",
    "requester": "/Users/pfan/workspaces/github/rollup-libray-template",
    "status": "found_in_store"
  },
  "69 debug pnpm:_dependency_resolved": {
    "resolution": "mirrors.huaweicloud.com/eslint-plugin-typescript/0.14.0",
    "wanted": {
      "dependentId": ".",
      "name": "eslint-plugin-typescript",
      "rawSpec": "^0.14.0"
    }
  },
  "70 debug pnpm:deprecation": {
    "deprecated": "Deprecated: Use @typescript-eslint/eslint-plugin instead",
    "depth": 0,
    "pkgId": "mirrors.huaweicloud.com/eslint-plugin-typescript/0.14.0",
    "pkgName": "eslint-plugin-typescript",
    "pkgVersion": "0.14.0",
    "prefix": "/Users/pfan/workspaces/github/rollup-libray-template"
  },
  "71 debug pnpm:progress": {
    "packageId": "mirrors.huaweicloud.com/eslint-plugin-typescript/0.14.0",
    "requester": "/Users/pfan/workspaces/github/rollup-libray-template",
    "status": "resolved"
  },
  "72 debug pnpm:progress": {
    "packageId": "mirrors.huaweicloud.com/eslint-plugin-typescript/0.14.0",
    "requester": "/Users/pfan/workspaces/github/rollup-libray-template",
    "status": "found_in_store"
  },
  "73 debug pnpm:_dependency_resolved": {
    "resolution": "mirrors.huaweicloud.com/gh-pages/4.0.0",
    "wanted": {
      "dependentId": ".",
      "name": "gh-pages",
      "rawSpec": "^4.0.0"
    }
  },
  "74 debug pnpm:progress": {
    "packageId": "mirrors.huaweicloud.com/gh-pages/4.0.0",
    "requester": "/Users/pfan/workspaces/github/rollup-libray-template",
    "status": "resolved"
  },
  "75 debug pnpm:_dependency_resolved": {
    "resolution": "mirrors.huaweicloud.com/eslint-plugin-prettier/4.2.1",
    "wanted": {
      "dependentId": ".",
      "name": "eslint-plugin-prettier",
      "rawSpec": "^4.2.1"
    }
  },
  "76 debug pnpm:progress": {
    "packageId": "mirrors.huaweicloud.com/eslint-plugin-prettier/4.2.1",
    "requester": "/Users/pfan/workspaces/github/rollup-libray-template",
    "status": "resolved"
  },
  "77 debug pnpm:progress": {
    "packageId": "mirrors.huaweicloud.com/eslint-plugin-prettier/4.2.1",
    "requester": "/Users/pfan/workspaces/github/rollup-libray-template",
    "status": "found_in_store"
  },
  "78 debug pnpm:_dependency_resolved": {
    "resolution": "mirrors.huaweicloud.com/eslint/8.20.0",
    "wanted": {
      "dependentId": ".",
      "name": "eslint",
      "rawSpec": "8.20.0"
    }
  },
  "79 debug pnpm:progress": {
    "packageId": "mirrors.huaweicloud.com/eslint/8.20.0",
    "requester": "/Users/pfan/workspaces/github/rollup-libray-template",
    "status": "resolved"
  },
  "80 debug pnpm:progress": {
    "packageId": "mirrors.huaweicloud.com/eslint/8.20.0",
    "requester": "/Users/pfan/workspaces/github/rollup-libray-template",
    "status": "found_in_store"
  },
  "81 debug pnpm:_dependency_resolved": {
    "resolution": "mirrors.huaweicloud.com/@storybook/manager-webpack4/6.5.9",
    "wanted": {
      "dependentId": ".",
      "name": "@storybook/manager-webpack4",
      "rawSpec": "^6.5.9"
    }
  },
  "82 debug pnpm:progress": {
    "packageId": "mirrors.huaweicloud.com/@storybook/manager-webpack4/6.5.9",
    "requester": "/Users/pfan/workspaces/github/rollup-libray-template",
    "status": "resolved"
  },
  "83 debug pnpm:progress": {
    "packageId": "mirrors.huaweicloud.com/@storybook/manager-webpack4/6.5.9",
    "requester": "/Users/pfan/workspaces/github/rollup-libray-template",
    "status": "found_in_store"
  },
  "84 debug pnpm:_dependency_resolved": {
    "resolution": "mirrors.huaweicloud.com/@types/react/18.0.15",
    "wanted": {
      "dependentId": ".",
      "name": "@types/react",
      "rawSpec": "^18.0.15"
    }
  },
  "85 debug pnpm:progress": {
    "packageId": "mirrors.huaweicloud.com/@types/react/18.0.15",
    "requester": "/Users/pfan/workspaces/github/rollup-libray-template",
    "status": "resolved"
  },
  "86 debug pnpm:progress": {
    "packageId": "mirrors.huaweicloud.com/@types/react/18.0.15",
    "requester": "/Users/pfan/workspaces/github/rollup-libray-template",
    "status": "found_in_store"
  },
  "87 debug pnpm:fetching-progress": {
    "attempt": 1,
    "packageId": "mirrors.huaweicloud.com/gh-pages/4.0.0",
    "size": 11133,
    "status": "started"
  },
  "88 debug pnpm:progress": {
    "packageId": "mirrors.huaweicloud.com/gh-pages/4.0.0",
    "requester": "/Users/pfan/workspaces/github/rollup-libray-template",
    "status": "fetched"
  },
  "89 debug pnpm:_dependency_resolved": {
    "resolution": "mirrors.huaweicloud.com/husky/8.0.1",
    "wanted": {
      "dependentId": ".",
      "name": "husky",
      "rawSpec": "8"
    }
  },
  "90 debug pnpm:progress": {
    "packageId": "mirrors.huaweicloud.com/husky/8.0.1",
    "requester": "/Users/pfan/workspaces/github/rollup-libray-template",
    "status": "resolved"
  },
  "91 debug pnpm:progress": {
    "packageId": "mirrors.huaweicloud.com/husky/8.0.1",
    "requester": "/Users/pfan/workspaces/github/rollup-libray-template",
    "status": "found_in_store"
  },
  "92 debug pnpm:_dependency_resolved": {
    "resolution": "mirrors.huaweicloud.com/postcss-url/10.1.3",
    "wanted": {
      "dependentId": ".",
      "name": "postcss-url",
      "rawSpec": "^10.1.3"
    }
  },
  "93 debug pnpm:progress": {
    "packageId": "mirrors.huaweicloud.com/postcss-url/10.1.3",
    "requester": "/Users/pfan/workspaces/github/rollup-libray-template",
    "status": "resolved"
  },
  "94 debug pnpm:progress": {
    "packageId": "mirrors.huaweicloud.com/postcss-url/10.1.3",
    "requester": "/Users/pfan/workspaces/github/rollup-libray-template",
    "status": "found_in_store"
  },
  "95 debug pnpm:_dependency_resolved": {
    "resolution": "mirrors.huaweicloud.com/concurrently/7.3.0",
    "wanted": {
      "dependentId": ".",
      "name": "concurrently",
      "rawSpec": "^7.3.0"
    }
  },
  "96 debug pnpm:progress": {
    "packageId": "mirrors.huaweicloud.com/concurrently/7.3.0",
    "requester": "/Users/pfan/workspaces/github/rollup-libray-template",
    "status": "resolved"
  },
  "97 debug pnpm:_dependency_resolved": {
    "resolution": "mirrors.huaweicloud.com/lint-staged/13.0.3",
    "wanted": {
      "dependentId": ".",
      "name": "lint-staged",
      "rawSpec": "^13.0.3"
    }
  },
  "98 debug pnpm:progress": {
    "packageId": "mirrors.huaweicloud.com/lint-staged/13.0.3",
    "requester": "/Users/pfan/workspaces/github/rollup-libray-template",
    "status": "resolved"
  },
  "99 debug pnpm:progress": {
    "packageId": "mirrors.huaweicloud.com/lint-staged/13.0.3",
    "requester": "/Users/pfan/workspaces/github/rollup-libray-template",
    "status": "found_in_store"
  },
  "100 debug pnpm:_dependency_resolved": {
    "resolution": "mirrors.huaweicloud.com/rollup-plugin-peer-deps-external/2.2.4",
    "wanted": {
      "dependentId": ".",
      "name": "rollup-plugin-peer-deps-external",
      "rawSpec": "^2.2.4"
    }
  },
  "101 debug pnpm:progress": {
    "packageId": "mirrors.huaweicloud.com/rollup-plugin-peer-deps-external/2.2.4",
    "requester": "/Users/pfan/workspaces/github/rollup-libray-template",
    "status": "resolved"
  },
  "102 debug pnpm:progress": {
    "packageId": "mirrors.huaweicloud.com/rollup-plugin-peer-deps-external/2.2.4",
    "requester": "/Users/pfan/workspaces/github/rollup-libray-template",
    "status": "found_in_store"
  },
  "103 debug pnpm:fetching-progress": {
    "attempt": 1,
    "packageId": "mirrors.huaweicloud.com/concurrently/7.3.0",
    "size": 28910,
    "status": "started"
  },
  "104 debug pnpm:_dependency_resolved": {
    "resolution": "mirrors.huaweicloud.com/@commitlint/cli/17.0.3",
    "wanted": {
      "dependentId": ".",
      "name": "@commitlint/cli",
      "rawSpec": "^17.0.3"
    }
  },
  "105 debug pnpm:progress": {
    "packageId": "mirrors.huaweicloud.com/@commitlint/cli/17.0.3",
    "requester": "/Users/pfan/workspaces/github/rollup-libray-template",
    "status": "resolved"
  },
  "106 debug pnpm:progress": {
    "packageId": "mirrors.huaweicloud.com/@commitlint/cli/17.0.3",
    "requester": "/Users/pfan/workspaces/github/rollup-libray-template",
    "status": "found_in_store"
  },
  "107 debug pnpm:progress": {
    "packageId": "mirrors.huaweicloud.com/concurrently/7.3.0",
    "requester": "/Users/pfan/workspaces/github/rollup-libray-template",
    "status": "fetched"
  },
  "108 debug pnpm:_dependency_resolved": {
    "resolution": "mirrors.huaweicloud.com/rollup-plugin-dts/4.2.2",
    "wanted": {
      "dependentId": ".",
      "name": "rollup-plugin-dts",
      "rawSpec": "^4.2.2"
    }
  },
  "109 debug pnpm:progress": {
    "packageId": "mirrors.huaweicloud.com/rollup-plugin-dts/4.2.2",
    "requester": "/Users/pfan/workspaces/github/rollup-libray-template",
    "status": "resolved"
  },
  "110 debug pnpm:progress": {
    "packageId": "mirrors.huaweicloud.com/rollup-plugin-dts/4.2.2",
    "requester": "/Users/pfan/workspaces/github/rollup-libray-template",
    "status": "found_in_store"
  },
  "111 debug pnpm:_dependency_resolved": {
    "resolution": "mirrors.huaweicloud.com/rollup-plugin-typescript2/0.32.1",
    "wanted": {
      "dependentId": ".",
      "name": "rollup-plugin-typescript2",
      "rawSpec": "^0.32.1"
    }
  },
  "112 debug pnpm:progress": {
    "packageId": "mirrors.huaweicloud.com/rollup-plugin-typescript2/0.32.1",
    "requester": "/Users/pfan/workspaces/github/rollup-libray-template",
    "status": "resolved"
  },
  "113 debug pnpm:progress": {
    "packageId": "mirrors.huaweicloud.com/rollup-plugin-typescript2/0.32.1",
    "requester": "/Users/pfan/workspaces/github/rollup-libray-template",
    "status": "found_in_store"
  },
  "114 debug pnpm:_dependency_resolved": {
    "resolution": "mirrors.huaweicloud.com/sass-loader/10.1.1",
    "wanted": {
      "dependentId": ".",
      "name": "sass-loader",
      "rawSpec": "10.1.1"
    }
  },
  "115 debug pnpm:progress": {
    "packageId": "mirrors.huaweicloud.com/sass-loader/10.1.1",
    "requester": "/Users/pfan/workspaces/github/rollup-libray-template",
    "status": "resolved"
  },
  "116 debug pnpm:_dependency_resolved": {
    "resolution": "mirrors.huaweicloud.com/postcss/8.4.14",
    "wanted": {
      "dependentId": ".",
      "name": "postcss",
      "rawSpec": "^8.4.14"
    }
  },
  "117 debug pnpm:progress": {
    "packageId": "mirrors.huaweicloud.com/postcss/8.4.14",
    "requester": "/Users/pfan/workspaces/github/rollup-libray-template",
    "status": "resolved"
  },
  "118 debug pnpm:progress": {
    "packageId": "mirrors.huaweicloud.com/postcss/8.4.14",
    "requester": "/Users/pfan/workspaces/github/rollup-libray-template",
    "status": "found_in_store"
  },
  "119 debug pnpm:_dependency_resolved": {
    "resolution": "mirrors.huaweicloud.com/rollup-plugin-postcss/4.0.2",
    "wanted": {
      "dependentId": ".",
      "name": "rollup-plugin-postcss",
      "rawSpec": "^4.0.2"
    }
  },
  "120 debug pnpm:progress": {
    "packageId": "mirrors.huaweicloud.com/rollup-plugin-postcss/4.0.2",
    "requester": "/Users/pfan/workspaces/github/rollup-libray-template",
    "status": "resolved"
  },
  "121 debug pnpm:progress": {
    "packageId": "mirrors.huaweicloud.com/rollup-plugin-postcss/4.0.2",
    "requester": "/Users/pfan/workspaces/github/rollup-libray-template",
    "status": "found_in_store"
  },
  "122 debug pnpm:_dependency_resolved": {
    "resolution": "mirrors.huaweicloud.com/@types/react-dom/18.0.6",
    "wanted": {
      "dependentId": ".",
      "name": "@types/react-dom",
      "rawSpec": "^18.0.6"
    }
  },
  "123 debug pnpm:progress": {
    "packageId": "mirrors.huaweicloud.com/@types/react-dom/18.0.6",
    "requester": "/Users/pfan/workspaces/github/rollup-libray-template",
    "status": "resolved"
  },
  "124 debug pnpm:progress": {
    "packageId": "mirrors.huaweicloud.com/@types/react-dom/18.0.6",
    "requester": "/Users/pfan/workspaces/github/rollup-libray-template",
    "status": "found_in_store"
  },
  "125 debug pnpm:_dependency_resolved": {
    "resolution": "mirrors.huaweicloud.com/eslint-config-next/12.2.3",
    "wanted": {
      "dependentId": ".",
      "name": "eslint-config-next",
      "rawSpec": "12.2.3"
    }
  },
  "126 debug pnpm:progress": {
    "packageId": "mirrors.huaweicloud.com/eslint-config-next/12.2.3",
    "requester": "/Users/pfan/workspaces/github/rollup-libray-template",
    "status": "resolved"
  },
  "127 debug pnpm:progress": {
    "packageId": "mirrors.huaweicloud.com/eslint-config-next/12.2.3",
    "requester": "/Users/pfan/workspaces/github/rollup-libray-template",
    "status": "found_in_store"
  },
  "128 debug pnpm:_dependency_resolved": {
    "resolution": "mirrors.huaweicloud.com/@storybook/addon-essentials/6.5.9",
    "wanted": {
      "dependentId": ".",
      "name": "@storybook/addon-essentials",
      "rawSpec": "^6.5.9"
    }
  },
  "129 debug pnpm:progress": {
    "packageId": "mirrors.huaweicloud.com/@storybook/addon-essentials/6.5.9",
    "requester": "/Users/pfan/workspaces/github/rollup-libray-template",
    "status": "resolved"
  },
  "130 debug pnpm:progress": {
    "packageId": "mirrors.huaweicloud.com/@storybook/addon-essentials/6.5.9",
    "requester": "/Users/pfan/workspaces/github/rollup-libray-template",
    "status": "found_in_store"
  },
  "131 debug pnpm:_dependency_resolved": {
    "resolution": "mirrors.huaweicloud.com/rollup-plugin-terser/7.0.2",
    "wanted": {
      "dependentId": ".",
      "name": "rollup-plugin-terser",
      "rawSpec": "^7.0.2"
    }
  },
  "132 debug pnpm:progress": {
    "packageId": "mirrors.huaweicloud.com/rollup-plugin-terser/7.0.2",
    "requester": "/Users/pfan/workspaces/github/rollup-libray-template",
    "status": "resolved"
  },
  "133 debug pnpm:progress": {
    "packageId": "mirrors.huaweicloud.com/rollup-plugin-terser/7.0.2",
    "requester": "/Users/pfan/workspaces/github/rollup-libray-template",
    "status": "found_in_store"
  },
  "134 debug pnpm:_dependency_resolved": {
    "resolution": "mirrors.huaweicloud.com/prettier/2.7.1",
    "wanted": {
      "dependentId": ".",
      "name": "prettier",
      "rawSpec": "^2.7.1"
    }
  },
  "135 debug pnpm:progress": {
    "packageId": "mirrors.huaweicloud.com/prettier/2.7.1",
    "requester": "/Users/pfan/workspaces/github/rollup-libray-template",
    "status": "resolved"
  },
  "136 debug pnpm:_dependency_resolved": {
    "resolution": "mirrors.huaweicloud.com/rollup/2.77.2",
    "wanted": {
      "dependentId": ".",
      "name": "rollup",
      "rawSpec": "^2.77.1"
    }
  },
  "137 debug pnpm:progress": {
    "packageId": "mirrors.huaweicloud.com/rollup/2.77.2",
    "requester": "/Users/pfan/workspaces/github/rollup-libray-template",
    "status": "resolved"
  },
  "138 debug pnpm:progress": {
    "packageId": "mirrors.huaweicloud.com/prettier/2.7.1",
    "requester": "/Users/pfan/workspaces/github/rollup-libray-template",
    "status": "found_in_store"
  },
  "139 debug pnpm:progress": {
    "packageId": "mirrors.huaweicloud.com/rollup/2.77.2",
    "requester": "/Users/pfan/workspaces/github/rollup-libray-template",
    "status": "found_in_store"
  },
  "140 debug pnpm:_dependency_resolved": {
    "resolution": "mirrors.huaweicloud.com/clipboard/2.0.11",
    "wanted": {
      "dependentId": ".",
      "name": "clipboard",
      "rawSpec": "^2.0.11"
    }
  },
  "141 debug pnpm:progress": {
    "packageId": "mirrors.huaweicloud.com/clipboard/2.0.11",
    "requester": "/Users/pfan/workspaces/github/rollup-libray-template",
    "status": "resolved"
  },
  "142 debug pnpm:_dependency_resolved": {
    "resolution": "mirrors.huaweicloud.com/@react-spring/web/9.5.2",
    "wanted": {
      "dependentId": ".",
      "name": "@react-spring/web",
      "rawSpec": "^9.5.2"
    }
  },
  "143 debug pnpm:progress": {
    "packageId": "mirrors.huaweicloud.com/@react-spring/web/9.5.2",
    "requester": "/Users/pfan/workspaces/github/rollup-libray-template",
    "status": "resolved"
  },
  "144 debug pnpm:_dependency_resolved": {
    "resolution": "mirrors.huaweicloud.com/sass/1.54.0",
    "wanted": {
      "dependentId": ".",
      "name": "sass",
      "rawSpec": "^1.54.0"
    }
  },
  "145 debug pnpm:progress": {
    "packageId": "mirrors.huaweicloud.com/sass/1.54.0",
    "requester": "/Users/pfan/workspaces/github/rollup-libray-template",
    "status": "resolved"
  },
  "146 debug pnpm:progress": {
    "packageId": "mirrors.huaweicloud.com/sass/1.54.0",
    "requester": "/Users/pfan/workspaces/github/rollup-libray-template",
    "status": "found_in_store"
  },
  "147 debug pnpm:_dependency_resolved": {
    "resolution": "mirrors.huaweicloud.com/@use-gesture/react/10.2.17",
    "wanted": {
      "dependentId": ".",
      "name": "@use-gesture/react",
      "rawSpec": "^10.2.17"
    }
  },
  "148 debug pnpm:progress": {
    "packageId": "mirrors.huaweicloud.com/@use-gesture/react/10.2.17",
    "requester": "/Users/pfan/workspaces/github/rollup-libray-template",
    "status": "resolved"
  },
  "149 debug pnpm:fetching-progress": {
    "attempt": 1,
    "packageId": "mirrors.huaweicloud.com/clipboard/2.0.11",
    "size": 25081,
    "status": "started"
  },
  "150 debug pnpm:progress": {
    "packageId": "mirrors.huaweicloud.com/clipboard/2.0.11",
    "requester": "/Users/pfan/workspaces/github/rollup-libray-template",
    "status": "fetched"
  },
  "151 debug pnpm:_dependency_resolved": {
    "resolution": "mirrors.huaweicloud.com/dayjs/1.11.4",
    "wanted": {
      "dependentId": ".",
      "name": "dayjs",
      "rawSpec": "^1.11.4"
    }
  },
  "152 debug pnpm:progress": {
    "packageId": "mirrors.huaweicloud.com/dayjs/1.11.4",
    "requester": "/Users/pfan/workspaces/github/rollup-libray-template",
    "status": "resolved"
  },
  "153 debug pnpm:progress": {
    "packageId": "mirrors.huaweicloud.com/dayjs/1.11.4",
    "requester": "/Users/pfan/workspaces/github/rollup-libray-template",
    "status": "found_in_store"
  },
  "154 debug pnpm:fetching-progress": {
    "attempt": 1,
    "packageId": "mirrors.huaweicloud.com/@react-spring/web/9.5.2",
    "size": 5955,
    "status": "started"
  },
  "155 debug pnpm:progress": {
    "packageId": "mirrors.huaweicloud.com/@react-spring/web/9.5.2",
    "requester": "/Users/pfan/workspaces/github/rollup-libray-template",
    "status": "fetched"
  },
  "156 debug pnpm:fetching-progress": {
    "attempt": 1,
    "packageId": "mirrors.huaweicloud.com/@use-gesture/react/10.2.17",
    "size": 8510,
    "status": "started"
  },
  "157 debug pnpm:progress": {
    "packageId": "mirrors.huaweicloud.com/@use-gesture/react/10.2.17",
    "requester": "/Users/pfan/workspaces/github/rollup-libray-template",
    "status": "fetched"
  },
  "158 debug pnpm:_dependency_resolved": {
    "resolution": "mirrors.huaweicloud.com/@storybook/addon-links/6.5.9",
    "wanted": {
      "dependentId": ".",
      "name": "@storybook/addon-links",
      "rawSpec": "^6.5.9"
    }
  },
  "159 debug pnpm:progress": {
    "packageId": "mirrors.huaweicloud.com/@storybook/addon-links/6.5.9",
    "requester": "/Users/pfan/workspaces/github/rollup-libray-template",
    "status": "resolved"
  },
  "160 debug pnpm:progress": {
    "packageId": "mirrors.huaweicloud.com/@storybook/addon-links/6.5.9",
    "requester": "/Users/pfan/workspaces/github/rollup-libray-template",
    "status": "found_in_store"
  },
  "161 debug pnpm:_dependency_resolved": {
    "resolution": "mirrors.huaweicloud.com/better-scroll/2.4.2",
    "wanted": {
      "dependentId": ".",
      "name": "better-scroll",
      "rawSpec": "^2.4.2"
    }
  },
  "162 debug pnpm:progress": {
    "packageId": "mirrors.huaweicloud.com/better-scroll/2.4.2",
    "requester": "/Users/pfan/workspaces/github/rollup-libray-template",
    "status": "resolved"
  },
  "163 debug pnpm:_dependency_resolved": {
    "resolution": "mirrors.huaweicloud.com/react-icons/4.4.0",
    "wanted": {
      "dependentId": ".",
      "name": "react-icons",
      "rawSpec": "^4.4.0"
    }
  },
  "164 debug pnpm:progress": {
    "packageId": "mirrors.huaweicloud.com/react-icons/4.4.0",
    "requester": "/Users/pfan/workspaces/github/rollup-libray-template",
    "status": "resolved"
  },
  "165 debug pnpm:progress": {
    "packageId": "mirrors.huaweicloud.com/react-icons/4.4.0",
    "requester": "/Users/pfan/workspaces/github/rollup-libray-template",
    "status": "found_in_store"
  },
  "166 debug pnpm:_dependency_resolved": {
    "resolution": "mirrors.huaweicloud.com/@types/node/18.6.2",
    "wanted": {
      "dependentId": ".",
      "name": "@types/node",
      "rawSpec": "^18.6.1"
    }
  },
  "167 debug pnpm:progress": {
    "packageId": "mirrors.huaweicloud.com/@types/node/18.6.2",
    "requester": "/Users/pfan/workspaces/github/rollup-libray-template",
    "status": "resolved"
  },
  "168 error pnpm": {
    "code": "ERR_PNPM_FETCH_404",
    "hint": "palmpay-utils is not in the npm registry, or you have no permission to fetch it.\n\nNo authorization header was set for the request.",
    "request": {
      "url": "https://mirrors.huaweicloud.com/repository/npm/palmpay-utils"
    },
    "response": {
      "size": 0
    },
    "pkgName": "palmpay-utils",
    "spec": {
      "fetchSpec": ">=1.1.10 <2.0.0-0",
      "name": "palmpay-utils",
      "type": "range"
    },
    "pkgsStack": [],
    "err": {
      "name": "pnpm",
      "message": "GET https://mirrors.huaweicloud.com/repository/npm/palmpay-utils: Not Found - 404",
      "code": "ERR_PNPM_FETCH_404",
      "stack": "pnpm: GET https://mirrors.huaweicloud.com/repository/npm/palmpay-utils: Not Found - 404\n    at RetryOperation._fn (/Users/pfan/.node/corepack/pnpm/7.2.1/dist/pnpm.cjs:84538:19)\n    at runMicrotasks (<anonymous>)\n    at processTicksAndRejections (node:internal/process/task_queues:96:5)"
    }
  }
}